Unity Player [version: Unity 5.6.1f1_2860b30f0b54]

pleaseworkagainsoundtest1.exe caused an Access Violation (0xc0000005)
  in module pleaseworkagainsoundtest1.exe at 0023:00e4854b.

Error occurred at 2017-12-04_171154.
C:\Users\Oli\Documents\Work\GOOD1 - Copy\WorkingWaves\pleaseworkagainsoundtest1.exe, run by Oli.
40% memory in use.
0 MB physical memory [0 MB free].
0 MB paging file [0 MB free].
0 MB user address space [3744 MB free].
Read from location 521751c8 caused an access violation.

Context:
EDI:    0x03f382c0  ESI: 0x00000001  EAX:   0x142e7a80
EBX:    0x00000004  ECX: 0x521751c0  EDX:   0x000bdfc8
EIP:    0x00e4854b  EBP: 0x0034fdfc  SegCs: 0x00000023
EFlags: 0x00210202  ESP: 0x0034fca8  SegSs: 0x0000002b

Bytes at CS:EIP:
8b 51 08 50 ff d2 c7 05 ec 19 e1 01 00 00 00 00 

Stack:
0x0034fca8: 00e5761f 00000000 00000000 fffde000 .v..............
0x0034fcb8: 03a23a90 0000005d 00000200 0000000d .:..]...........
0x0034fcc8: 00000001 0000005d 00000042 01000020 ....]...B... ...
0x0034fcd8: 00240000 00000003 0034fbf4 006b7a60 ..$.......4.`zk.
0x0034fce8: 00000001 77106325 03a27dc0 00000063 ....%c.w.}..c...
0x0034fcf8: bfebfbff 000306c3 01683a1d 00000063 .........:h.c...
0x0034fd08: 00000042 03a27c70 00000062 01c0003f B...p|..b...?...
0x0034fd18: 0000003f 00000000 00000062 00000042 ?.......b...B...
0x0034fd28: 03a23d30 00000054 1c004143 01c0003f 0=..T...CA..?...
0x0034fd38: 000001ff 00000054 00000042 02c0003f ....T...B...?...
0x0034fd48: 00001fff 00000006 002418b0 002407d0 ..........$...$.
0x0034fd58: 0034fd00 0034fd8c 03a23af0 00000059 ..4...4..:..Y...
0x0034fd68: 01d60220 0000000f 00000000 00000059  ...........Y...
0x0034fd78: 00000042 03a0ba90 03a0bac8 03a0bac8 B...............
0x0034fd88: 770afb01 00000000 00637465 00646567 ...w....etc.ged.
0x0034fd98: 01d60220 0000000f 00000003 00000042  ...........B...
0x0034fda8: 00000000 65646968 646e6957 0100776f ....hideWindow..
0x0034fdb8: 0000001c 0000000a 00000042 0000041a ........B.......
0x0034fdc8: 00000000 00ad12b0 00000000 00000000 ................
0x0034fdd8: 65726170 5748746e 0000444e 01681ab8 parentHWND....h.
0x0034fde8: 0000000a 00000042 00000000 00000690 ....B...........
0x0034fdf8: 00fde001 0034fe14 01626088 00de0000 ......4..`b.....
0x0034fe08: 00000000 006b3256 00000001 0034fea4 ....V2k.......4.
0x0034fe18: 01663d04 00de0000 00000000 006b3256 .=f.........V2k.
0x0034fe28: 00000001 e7cda7c9 00000000 00000000 ................
0x0034fe38: fffde000 00000044 006b1f10 006b1ef0 ....D.....k...k.
0x0034fe48: 006b1e48 00000000 00000000 00000000 H.k.............
0x0034fe58: 00000000 00000000 00000000 00000000 ................
0x0034fe68: 00000401 00000001 00000000 00000000 ................
0x0034fe78: 00010001 00000000 c0000005 00000000 ................
0x0034fe88: 00000000 0034fe2c 0034f6f0 0034fee0 ....,.4...4...4.
0x0034fe98: 01665b90 e625cf1d 00000000 0034feb0 .[f...%.......4.
0x0034fea8: 75b0338a fffde000 0034fef0 770c9a02 .3.u......4....w
0x0034feb8: fffde000 7792dd36 00000000 00000000 ....6..w........
0x0034fec8: fffde000 c0000005 75b2770f 75b2770f .........w.u.w.u
0x0034fed8: 0034febc 0034f6f4 ffffffff 77106325 ..4...4.....%c.w
0x0034fee8: 00ade576 00000000 0034ff08 770c99d5 v.........4....w
0x0034fef8: 01663d57 fffde000 00000000 00000000 W=f.............
0x0034ff08: 00000000 00000000 01663d57 fffde000 ........W=f.....
0x0034ff18: 00000000 00000000 00000000 00000000 ................
0x0034ff28: 00000000 00000000 00000000 00000000 ................
0x0034ff38: 00000000 00000000 00000000 00000000 ................
0x0034ff48: 00000000 00000000 00000000 00000000 ................
0x0034ff58: 00000000 00000000 00000000 00000000 ................
0x0034ff68: 00000000 00000000 00000000 00000000 ................
0x0034ff78: 00000000 00000000 00000000 00000000 ................
0x0034ff88: 00000000 00000000 00000000 00000000 ................
0x0034ff98: 00000000 00000000 00000000 00000000 ................
0x0034ffa8: 00000000 00000000 00000000 00000000 ................
0x0034ffb8: 00000000 00000000 00000000 00000000 ................
0x0034ffc8: 00000000 00000000 00000000 00000000 ................
0x0034ffd8: 00000000 00000000 00000000 00000000 ................
0x0034ffe8: 00000000 00000000 00000000 00000000 ................
0x0034fff8: 00000000 00000000                   ........

Module 1
C:\Users\Oli\Documents\Work\GOOD1 - Copy\WorkingWaves\pleaseworkagainsoundtest1.exe
Image Base: 0x00de0000  Image Size: 0x0121c000
File Size:  18148864    File Time:  2017-05-08_233332
Version:
   Company:    
   Product:    
   FileDesc:   
   FileVer:    5.6.1.24755
   ProdVer:    5.6.1.24755

Module 2
C:\Windows\system32\nvwgf2um.dll
Image Base: 0x0f4a0000  Image Size: 0x010e8000
File Size:  17423240    File Time:  2017-05-02_093252
Version:
   Company:    NVIDIA Corporation
   Product:    NVIDIA D3D10 drivers
   FileDesc:   NVIDIA D3D10 Driver, Version 382.05 
   FileVer:    22.21.13.8205
   ProdVer:    22.21.13.8205

Module 3
C:\Users\Oli\Documents\Work\GOOD1 - Copy\WorkingWaves\pleaseworkagainsoundtest1_Data\Plugins\AudioPluginHelm.dll
Image Base: 0x0f1c0000  Image Size: 0x00be1000
File Size:  636928      File Time:  2017-11-09_085656
Version:
   Company:    
   Product:    
   FileDesc:   
   FileVer:    0.0.0.0
   ProdVer:    0.0.0.0

Module 4
C:\Users\Oli\Documents\Work\GOOD1 - Copy\WorkingWaves\pleaseworkagainsoundtest1_Data\Mono\mono.dll
Image Base: 0x10000000  Image Size: 0x00231000
File Size:  2115008     File Time:  2017-05-08_234404
Version:
   Company:    Unity Technologies
   Product:    libmono
   FileDesc:   Unity Technologies fork of mono runtime
   FileVer:    1.0.0.1
   ProdVer:    1.0.0.1

Module 5
C:\Windows\system32\nvapi.dll
Image Base: 0x53980000  Image Size: 0x00398000
File Size:  3592312     File Time:  2017-05-02_093252
Version:
   Company:    NVIDIA Corporation
   Product:    NVIDIA Windows drivers
   FileDesc:   NVIDIA NVAPI Library, Version 382.05 
   FileVer:    22.21.13.8205
   ProdVer:    22.21.13.8205

Module 6
C:\Windows\system32\nvspcap.dll
Image Base: 0x59490000  Image Size: 0x0016a000
File Size:  1477056     File Time:  2017-05-04_071644
Version:
   Company:    NVIDIA Corporation
   Product:    NVIDIA GeForce Experience
   FileDesc:   NVIDIA Capture Server Proxy
   FileVer:    3.6.0.74
   ProdVer:    3.6.0.74

Module 7
C:\Windows\system32\midimap.dll
Image Base: 0x5b650000  Image Size: 0x00007000
File Size:  16896       File Time:  2009-07-14_121542
Version:
   Company:    Microsoft Corporation
   Product:    Microsoft® Windows® Operating System
   FileDesc:   Microsoft MIDI Mapper
   FileVer:    6.1.7600.16385
   ProdVer:    6.1.7600.16385

Module 8
C:\Windows\system32\MSACM32.dll
Image Base: 0x5b660000  Image Size: 0x00014000
File Size:  72192       File Time:  2009-07-14_121544
Version:
   Company:    Microsoft Corporation
   Product:    Microsoft® Windows® Operating System
   FileDesc:   Microsoft ACM Audio Filter
   FileVer:    6.1.7600.16385
   ProdVer:    6.1.7600.16385

Module 9
C:\Windows\system32\msacm32.drv
Image Base: 0x5b680000  Image Size: 0x00008000
File Size:  20992       File Time:  2009-07-14_121410
Version:
   Company:    Microsoft Corporation
   Product:    Microsoft® Windows® Operating System
   FileDesc:   Microsoft Sound Mapper
   FileVer:    6.1.7600.16385
   ProdVer:    6.1.7600.16385

Module 10
C:\Windows\system32\wdmaud.drv
Image Base: 0x5b690000  Image Size: 0x00030000
File Size:  172032      File Time:  2010-11-21_142402
Version:
   Company:    Microsoft Corporation
   Product:    Microsoft® Windows® Operating System
   FileDesc:   Winmm  audio system driver
   FileVer:    6.1.7601.17514
   ProdVer:    6.1.7601.17514

Module 11
C:\Windows\system32\dhcpcsvc6.DLL
Image Base: 0x67650000  Image Size: 0x0000d000
File Size:  43008       File Time:  2009-07-14_121512
Version:
   Company:    Microsoft Corporation
   Product:    Microsoft® Windows® Operating System
   FileDesc:   DHCPv6 Client
   FileVer:    6.1.7600.16385
   ProdVer:    6.1.7600.16385

Module 12
C:\Windows\system32\credssp.dll
Image Base: 0x69d40000  Image Size: 0x00008000
File Size:  17408       File Time:  2016-01-22_165936
Version:
   Company:    Microsoft Corporation
   Product:    Microsoft® Windows® Operating System
   FileDesc:   Credential Delegation Security Package
   FileVer:    6.1.7601.19135
   ProdVer:    6.1.7601.19135

Module 13
C:\Windows\system32\dhcpcsvc.DLL
Image Base: 0x6a110000  Image Size: 0x00012000
File Size:  61952       File Time:  2009-07-14_121512
Version:
   Company:    Microsoft Corporation
   Product:    Microsoft® Windows® Operating System
   FileDesc:   DHCP Client Service
   FileVer:    6.1.7600.16385
   ProdVer:    6.1.7600.16385

Module 14
C:\Windows\system32\ksuser.dll
Image Base: 0x6e820000  Image Size: 0x00004000
File Size:  4608        File Time:  2015-12-09_085348
Version:
   Company:    Microsoft Corporation
   Product:    Microsoft® Windows® Operating System
   FileDesc:   User CSA Library
   FileVer:    6.1.7601.19091
   ProdVer:    6.1.7601.19091

Module 15
C:\Windows\System32\fwpuclnt.dll
Image Base: 0x6f310000  Image Size: 0x00038000
File Size:  216576      File Time:  2013-10-12_130126
Version:
   Company:    Microsoft Corporation
   Product:    Microsoft® Windows® Operating System
   FileDesc:   FWP/IPsec User-Mode API
   FileVer:    6.1.7601.18283
   ProdVer:    6.1.7601.18283

Module 16
C:\Windows\System32\wship6.dll
Image Base: 0x6f350000  Image Size: 0x00006000
File Size:  10752       File Time:  2009-07-14_121622
Version:
   Company:    Microsoft Corporation
   Product:    Microsoft® Windows® Operating System
   FileDesc:   Winsock2 Helper DLL (TL/IPv6)
   FileVer:    6.1.7600.16385
   ProdVer:    6.1.7600.16385

Module 17
C:\Windows\system32\RpcRtRemote.dll
Image Base: 0x704e0000  Image Size: 0x0000e000
File Size:  46080       File Time:  2010-11-21_142416
Version:
   Company:    Microsoft Corporation
   Product:    Microsoft® Windows® Operating System
   FileDesc:   Remote RPC Extension
   FileVer:    6.1.7601.17514
   ProdVer:    6.1.7601.17514

Module 18
C:\Windows\system32\rsaenh.dll
Image Base: 0x704f0000  Image Size: 0x0003b000
File Size:  242936      File Time:  2009-07-14_121756
Version:
   Company:    Microsoft Corporation
   Product:    Microsoft® Windows® Operating System
   FileDesc:   Microsoft Enhanced Cryptographic Provider
   FileVer:    6.1.7600.16385
   ProdVer:    6.1.7600.16385

Module 19
C:\Windows\system32\rasadhlp.dll
Image Base: 0x70550000  Image Size: 0x00006000
File Size:  11776       File Time:  2009-07-14_121614
Version:
   Company:    Microsoft Corporation
   Product:    Microsoft® Windows® Operating System
   FileDesc:   Remote Access AutoDial Helper
   FileVer:    6.1.7600.16385
   ProdVer:    6.1.7600.16385

Module 20
C:\Windows\system32\AVRT.dll
Image Base: 0x70980000  Image Size: 0x00007000
File Size:  14336       File Time:  2009-07-14_121500
Version:
   Company:    Microsoft Corporation
   Product:    Microsoft® Windows® Operating System
   FileDesc:   Multimedia Realtime Runtime
   FileVer:    6.1.7600.16385
   ProdVer:    6.1.7600.16385

Module 21
C:\Windows\SysWOW64\bcryptprimitives.dll
Image Base: 0x70dc0000  Image Size: 0x0003d000
File Size:  251000      File Time:  2015-09-24_000958
Version:
   Company:    Microsoft Corporation
   Product:    Microsoft® Windows® Operating System
   FileDesc:   Windows Cryptographic Primitives Library
   FileVer:    6.1.7601.19012
   ProdVer:    6.1.7601.19012

Module 22
C:\Windows\system32\bcrypt.dll
Image Base: 0x70e00000  Image Size: 0x00017000
File Size:  80896       File Time:  2009-07-14_121122
Version:
   Company:    Microsoft Corporation
   Product:    Microsoft® Windows® Operating System
   FileDesc:   Windows Cryptographic Primitives Library (Wow64)
   FileVer:    6.1.7600.16385
   ProdVer:    6.1.7600.16385

Module 23
C:\Windows\system32\OPENGL32.dll
Image Base: 0x71280000  Image Size: 0x000c8000
File Size:  791552      File Time:  2009-07-14_121614
Version:
   Company:    Microsoft Corporation
   Product:    Microsoft® Windows® Operating System
   FileDesc:   OpenGL Client DLL
   FileVer:    6.1.7600.16385
   ProdVer:    6.1.7600.16385

Module 24
C:\Windows\system32\CRYPTSP.dll
Image Base: 0x719b0000  Image Size: 0x00016000
File Size:  78848       File Time:  2009-07-14_121508
Version:
   Company:    Microsoft Corporation
   Product:    Microsoft® Windows® Operating System
   FileDesc:   Cryptographic Service Provider API
   FileVer:    6.1.7600.16385
   ProdVer:    6.1.7600.16385

Module 25
C:\Windows\System32\wshtcpip.dll
Image Base: 0x719d0000  Image Size: 0x00005000
File Size:  9216        File Time:  2009-07-14_121622
Version:
   Company:    Microsoft Corporation
   Product:    Microsoft® Windows® Operating System
   FileDesc:   Winsock2 Helper DLL (TL/IPv4)
   FileVer:    6.1.7600.16385
   ProdVer:    6.1.7600.16385

Module 26
C:\Windows\system32\MSWSOCK.dll
Image Base: 0x71d20000  Image Size: 0x0003c000
File Size:  231424      File Time:  2016-05-12_021918
Version:
   Company:    Microsoft Corporation
   Product:    Microsoft® Windows® Operating System
   FileDesc:   Microsoft Windows Sockets 2.0 Service Provider
   FileVer:    6.1.7601.23451
   ProdVer:    6.1.7601.23451

Module 27
C:\Windows\System32\PROPSYS.dll
Image Base: 0x71de0000  Image Size: 0x000f5000
File Size:  988160      File Time:  2010-11-21_142410
Version:
   Company:    Microsoft Corporation
   Product:    Windows® Search
   FileDesc:   Microsoft Property System
   FileVer:    7.0.7601.17514
   ProdVer:    7.0.7601.17514

Module 28
C:\Windows\system32\dwmapi.dll
Image Base: 0x71ee0000  Image Size: 0x00013000
File Size:  67072       File Time:  2009-07-14_121514
Version:
   Company:    Microsoft Corporation
   Product:    Microsoft® Windows® Operating System
   FileDesc:   Microsoft Desktop Window Manager API
   FileVer:    6.1.7600.16385
   ProdVer:    6.1.7600.16385

Module 29
C:\Windows\system32\webio.dll
Image Base: 0x71f00000  Image Size: 0x00050000
File Size:  316416      File Time:  2016-03-10_054018
Version:
   Company:    Microsoft Corporation
   Product:    Microsoft® Windows® Operating System
   FileDesc:   Web Transfer Protocols API
   FileVer:    6.1.7601.23375
   ProdVer:    6.1.7601.23375

Module 30
C:\Windows\system32\DCIMAN32.dll
Image Base: 0x71f50000  Image Size: 0x00006000
File Size:  10240       File Time:  2015-07-31_045706
Version:
   Company:    Microsoft Corporation
   Product:    Microsoft® Windows® Operating System
   FileDesc:   DCI Manager
   FileVer:    6.1.7601.18946
   ProdVer:    6.1.7601.18946

Module 31
C:\Windows\system32\WINHTTP.dll
Image Base: 0x72060000  Image Size: 0x00058000
File Size:  351744      File Time:  2016-05-12_021926
Version:
   Company:    Microsoft Corporation
   Product:    Microsoft® Windows® Operating System
   FileDesc:   Windows HTTP Services
   FileVer:    6.1.7601.23451
   ProdVer:    6.1.7601.23451

Module 32
C:\Windows\system32\WINNSI.DLL
Image Base: 0x720c0000  Image Size: 0x00007000
File Size:  16896       File Time:  2009-07-14_121620
Version:
   Company:    Microsoft Corporation
   Product:    Microsoft® Windows® Operating System
   FileDesc:   Network Store Information RPC interface
   FileVer:    6.1.7600.16385
   ProdVer:    6.1.7600.16385

Module 33
C:\Windows\system32\DDRAW.dll
Image Base: 0x720d0000  Image Size: 0x000e7000
File Size:  531968      File Time:  2009-07-14_121512
Version:
   Company:    Microsoft Corporation
   Product:    Microsoft® Windows® Operating System
   FileDesc:   Microsoft DirectDraw
   FileVer:    6.1.7600.16385
   ProdVer:    6.1.7600.16385

Module 34
C:\Windows\system32\DNSAPI.dll
Image Base: 0x721f0000  Image Size: 0x00044000
File Size:  270336      File Time:  2011-03-03_163802
Version:
   Company:    Microsoft Corporation
   Product:    Microsoft® Windows® Operating System
   FileDesc:   DNS Client API DLL
   FileVer:    6.1.7601.17570
   ProdVer:    6.1.7601.17570

Module 35
C:\Windows\system32\IPHLPAPI.DLL
Image Base: 0x72250000  Image Size: 0x0001c000
File Size:  103936      File Time:  2010-11-21_142434
Version:
   Company:    Microsoft Corporation
   Product:    Microsoft® Windows® Operating System
   FileDesc:   IP Helper API
   FileVer:    6.1.7601.17514
   ProdVer:    6.1.7601.17514

Module 36
C:\Windows\WinSxS\x86_microsoft.windows.common-controls_6595b64144ccf1df_6.0.7601.17514_none_41e6975e2bd6f2b2\comctl32.dll
Image Base: 0x72270000  Image Size: 0x0019e000
File Size:  1680896     File Time:  2010-11-21_142356
Version:
   Company:    Microsoft Corporation
   Product:    Microsoft® Windows® Operating System
   FileDesc:   User Experience Controls Library
   FileVer:    6.10.7601.17514
   ProdVer:    6.1.7601.17514

Module 37
C:\Windows\system32\uxtheme.dll
Image Base: 0x72650000  Image Size: 0x00080000
File Size:  245760      File Time:  2009-07-14_121126
Version:
   Company:    Microsoft Corporation
   Product:    Microsoft® Windows® Operating System
   FileDesc:   Microsoft UxTheme Library
   FileVer:    6.1.7600.16385
   ProdVer:    6.1.7600.16385

Module 38
C:\Windows\system32\WINMM.dll
Image Base: 0x726d0000  Image Size: 0x00032000
File Size:  194048      File Time:  2010-11-21_142418
Version:
   Company:    Microsoft Corporation
   Product:    Microsoft® Windows® Operating System
   FileDesc:   MCI API DLL
   FileVer:    6.1.7601.17514
   ProdVer:    6.1.7601.17514

Module 39
C:\Windows\system32\api-ms-win-core-synch-l1-2-0.DLL
Image Base: 0x72780000  Image Size: 0x00003000
File Size:  12128       File Time:  2015-07-19_000834
Version:
   Company:    Microsoft Corporation
   Product:    Microsoft® Windows® Operating System
   FileDesc:   ApiSet Stub DLL
   FileVer:    10.0.10240.16390
   ProdVer:    10.0.10240.16390

Module 40
C:\Windows\system32\VERSION.dll
Image Base: 0x72790000  Image Size: 0x00009000
File Size:  21504       File Time:  2009-07-14_121618
Version:
   Company:    Microsoft Corporation
   Product:    Microsoft® Windows® Operating System
   FileDesc:   Version Checking and File Installation Libraries
   FileVer:    6.1.7600.16385
   ProdVer:    6.1.7600.16385

Module 41
C:\Windows\system32\profapi.dll
Image Base: 0x727a0000  Image Size: 0x0000b000
File Size:  31744       File Time:  2009-07-14_121614
Version:
   Company:    Microsoft Corporation
   Product:    Microsoft® Windows® Operating System
   FileDesc:   User Profile Basic API
   FileVer:    6.1.7600.16385
   ProdVer:    6.1.7600.16385

Module 42
C:\Windows\system32\WTSAPI32.dll
Image Base: 0x727d0000  Image Size: 0x0000d000
File Size:  40448       File Time:  2010-11-21_142356
Version:
   Company:    Microsoft Corporation
   Product:    Microsoft® Windows® Operating System
   FileDesc:   Windows Remote Desktop Session Host Server SDK APIs
   FileVer:    6.1.7601.17514
   ProdVer:    6.1.7601.17514

Module 43
C:\Windows\System32\MMDevApi.dll
Image Base: 0x72ce0000  Image Size: 0x00039000
File Size:  213504      File Time:  2010-11-21_142352
Version:
   Company:    Microsoft Corporation
   Product:    Microsoft® Windows® Operating System
   FileDesc:   MMDevice API
   FileVer:    6.1.7601.17514
   ProdVer:    6.1.7601.17514

Module 44
C:\Windows\system32\AUDIOSES.DLL
Image Base: 0x72d20000  Image Size: 0x00036000
File Size:  195584      File Time:  2010-11-21_142356
Version:
   Company:    Microsoft Corporation
   Product:    Microsoft® Windows® Operating System
   FileDesc:   Audio Session
   FileVer:    6.1.7601.17514
   ProdVer:    6.1.7601.17514

Module 45
C:\Windows\system32\dxgi.dll
Image Base: 0x72d60000  Image Size: 0x00083000
File Size:  508416      File Time:  2010-11-21_142410
Version:
   Company:    Microsoft Corporation
   Product:    Microsoft® Windows® Operating System
   FileDesc:   DirectX Graphics Infrastructure
   FileVer:    6.1.7601.17514
   ProdVer:    6.1.7601.17514

Module 46
C:\Windows\system32\d3d11.dll
Image Base: 0x72df0000  Image Size: 0x00083000
File Size:  522752      File Time:  2010-11-21_142356
Version:
   Company:    Microsoft Corporation
   Product:    Microsoft® Windows® Operating System
   FileDesc:   Direct3D 11 Runtime
   FileVer:    6.1.7601.17514
   ProdVer:    6.1.7601.17514

Module 47
C:\Windows\system32\dbghelp.dll
Image Base: 0x72e80000  Image Size: 0x000eb000
File Size:  854016      File Time:  2010-11-21_142410
Version:
   Company:    Microsoft Corporation
   Product:    Microsoft® Windows® Operating System
   FileDesc:   Windows Image Helper
   FileVer:    6.1.7601.17514
   ProdVer:    6.1.7601.17514

Module 48
C:\Windows\system32\GLU32.dll
Image Base: 0x72f90000  Image Size: 0x00022000
File Size:  130048      File Time:  2009-07-14_121524
Version:
   Company:    Microsoft Corporation
   Product:    Microsoft® Windows® Operating System
   FileDesc:   OpenGL Utility Library DLL
   FileVer:    6.1.7600.16385
   ProdVer:    6.1.7600.16385

Module 49
C:\Windows\system32\HID.DLL
Image Base: 0x73ca0000  Image Size: 0x00009000
File Size:  22016       File Time:  2009-07-14_121526
Version:
   Company:    Microsoft Corporation
   Product:    Microsoft® Windows® Operating System
   FileDesc:   Hid User Library
   FileVer:    6.1.7600.16385
   ProdVer:    6.1.7600.16385

Module 50
C:\Windows\syswow64\CRYPTBASE.dll
Image Base: 0x74b90000  Image Size: 0x0000c000
File Size:  36352       File Time:  2016-01-22_155156
Version:
   Company:    Microsoft Corporation
   Product:    Microsoft® Windows® Operating System
   FileDesc:   Base cryptographic API DLL
   FileVer:    6.1.7601.19135
   ProdVer:    6.1.7601.19135

Module 51
C:\Windows\syswow64\SspiCli.dll
Image Base: 0x74ba0000  Image Size: 0x00060000
File Size:  96768       File Time:  2016-01-22_170652
Version:
   Company:    Microsoft Corporation
   Product:    Microsoft® Windows® Operating System
   FileDesc:   Security Support Provider Interface
   FileVer:    6.1.7601.19135
   ProdVer:    6.1.7601.19135

Module 52
C:\Windows\syswow64\WINTRUST.dll
Image Base: 0x74c00000  Image Size: 0x0002d000
File Size:  172544      File Time:  2012-03-01_163742
Version:
   Company:    Microsoft Corporation
   Product:    Microsoft® Windows® Operating System
   FileDesc:   Microsoft Trust Verification APIs
   FileVer:    6.1.7601.17787
   ProdVer:    6.1.7601.17787

Module 53
C:\Windows\syswow64\WS2_32.dll
Image Base: 0x74c30000  Image Size: 0x00035000
File Size:  206336      File Time:  2016-05-12_021928
Version:
   Company:    Microsoft Corporation
   Product:    Microsoft® Windows® Operating System
   FileDesc:   Windows Socket 2.0 32-Bit DLL
   FileVer:    6.1.7601.23451
   ProdVer:    6.1.7601.23451

Module 54
C:\Windows\syswow64\MSASN1.dll
Image Base: 0x74c70000  Image Size: 0x0000c000
File Size:  34304       File Time:  2010-11-21_142350
Version:
   Company:    Microsoft Corporation
   Product:    Microsoft® Windows® Operating System
   FileDesc:   ASN.1 Runtime APIs
   FileVer:    6.1.7601.17514
   ProdVer:    6.1.7601.17514

Module 55
C:\Windows\syswow64\CRYPT32.dll
Image Base: 0x74c80000  Image Size: 0x0011e000
File Size:  1160192     File Time:  2013-05-13_154556
Version:
   Company:    Microsoft Corporation
   Product:    Microsoft® Windows® Operating System
   FileDesc:   Crypto API32
   FileVer:    6.1.7601.18151
   ProdVer:    6.1.7601.18151

Module 56
C:\Windows\syswow64\CFGMGR32.dll
Image Base: 0x74f20000  Image Size: 0x00027000
File Size:  145920      File Time:  2011-05-24_213940
Version:
   Company:    Microsoft Corporation
   Product:    Microsoft® Windows® Operating System
   FileDesc:   Configuration Manager DLL
   FileVer:    6.1.7601.17621
   ProdVer:    6.1.7601.17621

Module 57
C:\Windows\syswow64\SETUPAPI.dll
Image Base: 0x74f80000  Image Size: 0x0019d000
File Size:  1667584     File Time:  2010-11-21_142352
Version:
   Company:    Microsoft Corporation
   Product:    Microsoft® Windows® Operating System
   FileDesc:   Windows Setup API
   FileVer:    6.1.7601.17514
   ProdVer:    6.1.7601.17514

Module 58
C:\Windows\syswow64\USP10.dll
Image Base: 0x75180000  Image Size: 0x0009d000
File Size:  626176      File Time:  2010-11-21_142418
Version:
   Company:    Microsoft Corporation
   Product:    Microsoft(R) Uniscribe Unicode script processor
   FileDesc:   Uniscribe Unicode script processor
   FileVer:    1.626.7601.17514
   ProdVer:    1.626.7601.17514

Module 59
C:\Windows\syswow64\CLBCatQ.DLL
Image Base: 0x75270000  Image Size: 0x00083000
File Size:  522240      File Time:  2009-07-14_121504
Version:
   Company:    Microsoft Corporation
   Product:    Microsoft® Windows® Operating System
   FileDesc:   COM+ Configuration Catalog
   FileVer:    2001.12.8530.16385
   ProdVer:    6.1.7600.16385

Module 60
C:\Windows\syswow64\ole32.dll
Image Base: 0x75330000  Image Size: 0x0015c000
File Size:  1414144     File Time:  2010-11-21_142402
Version:
   Company:    Microsoft Corporation
   Product:    Microsoft® Windows® Operating System
   FileDesc:   Microsoft OLE for Windows
   FileVer:    6.1.7601.17514
   ProdVer:    6.1.7601.17514

Module 61
C:\Windows\syswow64\NSI.dll
Image Base: 0x75490000  Image Size: 0x00006000
File Size:  8704        File Time:  2009-07-14_121612
Version:
   Company:    Microsoft Corporation
   Product:    Microsoft® Windows® Operating System
   FileDesc:   NSI User-mode interface DLL
   FileVer:    6.1.7600.16385
   ProdVer:    6.1.7600.16385

Module 62
C:\Windows\SysWOW64\sechost.dll
Image Base: 0x75800000  Image Size: 0x00019000
File Size:  92160       File Time:  2009-07-14_121614
Version:
   Company:    Microsoft Corporation
   Product:    Microsoft® Windows® Operating System
   FileDesc:   Host for SCM/SDDL/LSA Lookup APIs
   FileVer:    6.1.7600.16385
   ProdVer:    6.1.7600.16385

Module 63
C:\Windows\syswow64\USER32.dll
Image Base: 0x75820000  Image Size: 0x00100000
File Size:  833024      File Time:  2017-05-10_140502
Version:
   Company:    Microsoft Corporation
   Product:    Microsoft® Windows® Operating System
   FileDesc:   Multi-User Windows USER API Client DLL
   FileVer:    6.1.7600.16385
   ProdVer:    6.1.7600.16385

Module 64
C:\Windows\syswow64\OLEAUT32.dll
Image Base: 0x75920000  Image Size: 0x0008f000
File Size:  571904      File Time:  2011-08-27_152628
Version:
   Company:    Microsoft Corporation
   Product:    
   FileDesc:   
   FileVer:    6.1.7601.17676
   ProdVer:    6.1.7601.17676

Module 65
C:\Windows\syswow64\IMM32.dll
Image Base: 0x759b0000  Image Size: 0x00060000
File Size:  119808      File Time:  2010-11-21_142426
Version:
   Company:    Microsoft Corporation
   Product:    Microsoft® Windows® Operating System
   FileDesc:   Multi-User Windows IMM32 API Client DLL
   FileVer:    6.1.7601.17514
   ProdVer:    6.1.7601.17514

Module 66
C:\Windows\syswow64\MSCTF.dll
Image Base: 0x75a10000  Image Size: 0x000cc000
File Size:  828928      File Time:  2009-07-14_121544
Version:
   Company:    Microsoft Corporation
   Product:    Microsoft® Windows® Operating System
   FileDesc:   MSCTF Server DLL
   FileVer:    6.1.7600.16385
   ProdVer:    6.1.7600.16385

Module 67
C:\Windows\syswow64\LPK.dll
Image Base: 0x75ae0000  Image Size: 0x0000a000
File Size:  25600       File Time:  2015-07-31_045558
Version:
   Company:    Microsoft Corporation
   Product:    Microsoft® Windows® Operating System
   FileDesc:   Language Pack
   FileVer:    6.1.7601.18946
   ProdVer:    6.1.7601.18946

Module 68
C:\Windows\syswow64\kernel32.dll
Image Base: 0x75af0000  Image Size: 0x00110000
File Size:  1114112     File Time:  2016-01-22_170652
Version:
   Company:    Microsoft Corporation
   Product:    Microsoft® Windows® Operating System
   FileDesc:   Windows NT BASE API Client DLL
   FileVer:    6.1.7601.19135
   ProdVer:    6.1.7601.19135

Module 69
C:\Windows\syswow64\SHELL32.dll
Image Base: 0x75c00000  Image Size: 0x00c4c000
File Size:  12880384    File Time:  2016-08-30_021252
Version:
   Company:    Microsoft Corporation
   Product:    Microsoft® Windows® Operating System
   FileDesc:   Windows Shell Common Dll
   FileVer:    6.1.7601.23537
   ProdVer:    6.1.7601.23537

Module 70
C:\Windows\syswow64\DEVOBJ.dll
Image Base: 0x76850000  Image Size: 0x00012000
File Size:  64512       File Time:  2011-05-24_214006
Version:
   Company:    Microsoft Corporation
   Product:    Microsoft® Windows® Operating System
   FileDesc:   Device Information Set DLL
   FileVer:    6.1.7601.17621
   ProdVer:    6.1.7601.17621

Module 71
C:\Windows\syswow64\ADVAPI32.dll
Image Base: 0x76870000  Image Size: 0x000a1000
File Size:  642560      File Time:  2016-01-22_165908
Version:
   Company:    Microsoft Corporation
   Product:    Microsoft® Windows® Operating System
   FileDesc:   Advanced Windows 32 Base API
   FileVer:    6.1.7601.19135
   ProdVer:    6.1.7601.19135

Module 72
C:\Windows\syswow64\KERNELBASE.dll
Image Base: 0x769b0000  Image Size: 0x00047000
File Size:  275456      File Time:  2016-01-22_170652
Version:
   Company:    Microsoft Corporation
   Product:    Microsoft® Windows® Operating System
   FileDesc:   Windows NT BASE API Client DLL
   FileVer:    6.1.7601.19135
   ProdVer:    6.1.7601.19135

Module 73
C:\Windows\syswow64\GDI32.dll
Image Base: 0x76a00000  Image Size: 0x00090000
File Size:  311296      File Time:  2010-11-21_142416
Version:
   Company:    Microsoft Corporation
   Product:    Microsoft® Windows® Operating System
   FileDesc:   GDI Client DLL
   FileVer:    6.1.7601.17514
   ProdVer:    6.1.7601.17514

Module 74
C:\Windows\syswow64\msvcrt.dll
Image Base: 0x76a90000  Image Size: 0x000ac000
File Size:  690688      File Time:  2011-12-16_185300
Version:
   Company:    Microsoft Corporation
   Product:    Microsoft® Windows® Operating System
   FileDesc:   Windows NT CRT DLL
   FileVer:    7.0.7601.17744
   ProdVer:    6.1.8638.17744

Module 75
C:\Windows\syswow64\RPCRT4.dll
Image Base: 0x76b40000  Image Size: 0x000f0000
File Size:  665088      File Time:  2016-01-22_170652
Version:
   Company:    Microsoft Corporation
   Product:    Microsoft® Windows® Operating System
   FileDesc:   Remote Procedure Call Runtime
   FileVer:    6.1.7601.19135
   ProdVer:    6.1.7601.19135

Module 76
C:\Windows\syswow64\SHLWAPI.dll
Image Base: 0x76c30000  Image Size: 0x00057000
File Size:  350208      File Time:  2010-11-21_142350
Version:
   Company:    Microsoft Corporation
   Product:    Microsoft® Windows® Operating System
   FileDesc:   Shell Light-weight Utility Library
   FileVer:    6.1.7601.17514
   ProdVer:    6.1.7601.17514

Module 77
C:\Windows\syswow64\PSAPI.DLL
Image Base: 0x77060000  Image Size: 0x00005000
File Size:  6144        File Time:  2009-07-14_121614
Version:
   Company:    Microsoft Corporation
   Product:    Microsoft® Windows® Operating System
   FileDesc:   Process Status Helper
   FileVer:    6.1.7600.16385
   ProdVer:    6.1.7600.16385

Module 78
C:\Windows\SysWOW64\ntdll.dll
Image Base: 0x77090000  Image Size: 0x00180000
File Size:  1314328     File Time:  2016-01-22_170942
Version:
   Company:    Microsoft Corporation
   Product:    Microsoft® Windows® Operating System
   FileDesc:   NT Layer DLL
   FileVer:    6.1.7601.19135
   ProdVer:    6.1.7601.19135


== [end of error.log] ==
